[17-Jan-2017 01:22:04 UTC] Array
(
    [0] => stdClass Object
        (
            [_EventOrigin] => events-calendar
            [_rioc_rsvp_for_event] => 2516
            [_is_sunc] => 
            [_ticket_v] => 1484616009
            [_primary_key] => 0
            [_event_enabled] => 1
            [_event_location] => 1
            [_ticket_start_date] => 2017-01-16 23:00:00
            [_EventStartDate] => 2017-01-16 23:00:00
            [_ticket_end_date] => 2017-01-16 23:00:00
            [_EventEndDate] => 2017-01-16 23:00:00
            [_event_code] => 
            [_event_category] => 
            [_message1] => 
            [_message2] => 
            [_message3] => 
        )

    [1] => 1484616009
)

